<?xml version="1.0" encoding="UTF-8"?>
<testsuite xmlns:xsi="http://www.w3.org/2001/XMLSchema-instance" xsi:noNamespaceSchemaLocation="https://maven.apache.org/surefire/maven-surefire-plugin/xsd/surefire-test-report-3.0.xsd" version="3.0" name="Cucumber.Options.TestRunner" time="9.964" tests="24" errors="0" skipped="0" failures="0">
  <properties>
    <property name="sun.desktop" value="windows"/>
    <property name="awt.toolkit" value="sun.awt.windows.WToolkit"/>
    <property name="java.specification.version" value="11"/>
    <property name="sun.cpu.isalist" value="amd64"/>
    <property name="sun.jnu.encoding" value="Cp1252"/>
    <property name="java.class.path" value="C:\Users\Vignesh\IdeaProjects\RestAPIFramework\target\test-classes;C:\Users\Vignesh\IdeaProjects\RestAPIFramework\target\classes;C:\Users\Vignesh\.m2\repository\io\rest-assured\rest-assured\5.3.0\rest-assured-5.3.0.jar;C:\Users\Vignesh\.m2\repository\org\apache\groovy\groovy\4.0.6\groovy-4.0.6.jar;C:\Users\Vignesh\.m2\repository\org\apache\groovy\groovy-xml\4.0.6\groovy-xml-4.0.6.jar;C:\Users\Vignesh\.m2\repository\org\apache\httpcomponents\httpclient\4.5.13\httpclient-4.5.13.jar;C:\Users\Vignesh\.m2\repository\org\apache\httpcomponents\httpcore\4.4.13\httpcore-4.4.13.jar;C:\Users\Vignesh\.m2\repository\commons-logging\commons-logging\1.2\commons-logging-1.2.jar;C:\Users\Vignesh\.m2\repository\commons-codec\commons-codec\1.11\commons-codec-1.11.jar;C:\Users\Vignesh\.m2\repository\org\apache\httpcomponents\httpmime\4.5.13\httpmime-4.5.13.jar;C:\Users\Vignesh\.m2\repository\org\ccil\cowan\tagsoup\tagsoup\1.2.1\tagsoup-1.2.1.jar;C:\Users\Vignesh\.m2\repository\io\rest-assured\json-path\5.3.0\json-path-5.3.0.jar;C:\Users\Vignesh\.m2\repository\org\apache\groovy\groovy-json\4.0.6\groovy-json-4.0.6.jar;C:\Users\Vignesh\.m2\repository\io\rest-assured\rest-assured-common\5.3.0\rest-assured-common-5.3.0.jar;C:\Users\Vignesh\.m2\repository\io\rest-assured\xml-path\5.3.0\xml-path-5.3.0.jar;C:\Users\Vignesh\.m2\repository\org\apache\commons\commons-lang3\3.11\commons-lang3-3.11.jar;C:\Users\Vignesh\.m2\repository\info\cukes\cucumber-java\1.2.4\cucumber-java-1.2.4.jar;C:\Users\Vignesh\.m2\repository\info\cukes\cucumber-core\1.2.4\cucumber-core-1.2.4.jar;C:\Users\Vignesh\.m2\repository\info\cukes\cucumber-html\0.2.3\cucumber-html-0.2.3.jar;C:\Users\Vignesh\.m2\repository\info\cukes\cucumber-jvm-deps\1.0.5\cucumber-jvm-deps-1.0.5.jar;C:\Users\Vignesh\.m2\repository\info\cukes\gherkin\2.12.2\gherkin-2.12.2.jar;C:\Users\Vignesh\.m2\repository\info\cukes\cucumber-junit\1.2.4\cucumber-junit-1.2.4.jar;C:\Users\Vignesh\.m2\repository\junit\junit\4.13.2\junit-4.13.2.jar;C:\Users\Vignesh\.m2\repository\org\hamcrest\hamcrest-core\1.3\hamcrest-core-1.3.jar;C:\Users\Vignesh\.m2\repository\org\hamcrest\hamcrest\2.2\hamcrest-2.2.jar;C:\Users\Vignesh\.m2\repository\com\fasterxml\jackson\core\jackson-databind\2.14.2\jackson-databind-2.14.2.jar;C:\Users\Vignesh\.m2\repository\com\fasterxml\jackson\core\jackson-annotations\2.14.2\jackson-annotations-2.14.2.jar;C:\Users\Vignesh\.m2\repository\com\fasterxml\jackson\core\jackson-core\2.14.2\jackson-core-2.14.2.jar;C:\Users\Vignesh\.m2\repository\com\google\code\gson\gson\2.10.1\gson-2.10.1.jar;"/>
    <property name="java.vm.vendor" value="Oracle Corporation"/>
    <property name="sun.arch.data.model" value="64"/>
    <property name="user.variant" value=""/>
    <property name="java.vendor.url" value="https://openjdk.java.net/"/>
    <property name="user.timezone" value="Asia/Calcutta"/>
    <property name="java.vm.specification.version" value="11"/>
    <property name="os.name" value="Windows 10"/>
    <property name="sun.java.launcher" value="SUN_STANDARD"/>
    <property name="user.country" value="US"/>
    <property name="sun.boot.library.path" value="C:\Program Files\Java\jdk-11\bin"/>
    <property name="sun.java.command" value="C:\Users\Vignesh\AppData\Local\Temp\surefire13382304900913019420\surefirebooter-20231002122718243_3.jar C:\Users\Vignesh\AppData\Local\Temp\surefire13382304900913019420 2023-10-02T12-27-17_665-jvmRun1 surefire-20231002122718243_1tmp surefire_0-20231002122718243_2tmp"/>
    <property name="jdk.debug" value="release"/>
    <property name="surefire.test.class.path" value="C:\Users\Vignesh\IdeaProjects\RestAPIFramework\target\test-classes;C:\Users\Vignesh\IdeaProjects\RestAPIFramework\target\classes;C:\Users\Vignesh\.m2\repository\io\rest-assured\rest-assured\5.3.0\rest-assured-5.3.0.jar;C:\Users\Vignesh\.m2\repository\org\apache\groovy\groovy\4.0.6\groovy-4.0.6.jar;C:\Users\Vignesh\.m2\repository\org\apache\groovy\groovy-xml\4.0.6\groovy-xml-4.0.6.jar;C:\Users\Vignesh\.m2\repository\org\apache\httpcomponents\httpclient\4.5.13\httpclient-4.5.13.jar;C:\Users\Vignesh\.m2\repository\org\apache\httpcomponents\httpcore\4.4.13\httpcore-4.4.13.jar;C:\Users\Vignesh\.m2\repository\commons-logging\commons-logging\1.2\commons-logging-1.2.jar;C:\Users\Vignesh\.m2\repository\commons-codec\commons-codec\1.11\commons-codec-1.11.jar;C:\Users\Vignesh\.m2\repository\org\apache\httpcomponents\httpmime\4.5.13\httpmime-4.5.13.jar;C:\Users\Vignesh\.m2\repository\org\ccil\cowan\tagsoup\tagsoup\1.2.1\tagsoup-1.2.1.jar;C:\Users\Vignesh\.m2\repository\io\rest-assured\json-path\5.3.0\json-path-5.3.0.jar;C:\Users\Vignesh\.m2\repository\org\apache\groovy\groovy-json\4.0.6\groovy-json-4.0.6.jar;C:\Users\Vignesh\.m2\repository\io\rest-assured\rest-assured-common\5.3.0\rest-assured-common-5.3.0.jar;C:\Users\Vignesh\.m2\repository\io\rest-assured\xml-path\5.3.0\xml-path-5.3.0.jar;C:\Users\Vignesh\.m2\repository\org\apache\commons\commons-lang3\3.11\commons-lang3-3.11.jar;C:\Users\Vignesh\.m2\repository\info\cukes\cucumber-java\1.2.4\cucumber-java-1.2.4.jar;C:\Users\Vignesh\.m2\repository\info\cukes\cucumber-core\1.2.4\cucumber-core-1.2.4.jar;C:\Users\Vignesh\.m2\repository\info\cukes\cucumber-html\0.2.3\cucumber-html-0.2.3.jar;C:\Users\Vignesh\.m2\repository\info\cukes\cucumber-jvm-deps\1.0.5\cucumber-jvm-deps-1.0.5.jar;C:\Users\Vignesh\.m2\repository\info\cukes\gherkin\2.12.2\gherkin-2.12.2.jar;C:\Users\Vignesh\.m2\repository\info\cukes\cucumber-junit\1.2.4\cucumber-junit-1.2.4.jar;C:\Users\Vignesh\.m2\repository\junit\junit\4.13.2\junit-4.13.2.jar;C:\Users\Vignesh\.m2\repository\org\hamcrest\hamcrest-core\1.3\hamcrest-core-1.3.jar;C:\Users\Vignesh\.m2\repository\org\hamcrest\hamcrest\2.2\hamcrest-2.2.jar;C:\Users\Vignesh\.m2\repository\com\fasterxml\jackson\core\jackson-databind\2.14.2\jackson-databind-2.14.2.jar;C:\Users\Vignesh\.m2\repository\com\fasterxml\jackson\core\jackson-annotations\2.14.2\jackson-annotations-2.14.2.jar;C:\Users\Vignesh\.m2\repository\com\fasterxml\jackson\core\jackson-core\2.14.2\jackson-core-2.14.2.jar;C:\Users\Vignesh\.m2\repository\com\google\code\gson\gson\2.10.1\gson-2.10.1.jar;"/>
    <property name="sun.cpu.endian" value="little"/>
    <property name="user.home" value="C:\Users\Vignesh"/>
    <property name="user.language" value="en"/>
    <property name="java.specification.vendor" value="Oracle Corporation"/>
    <property name="java.version.date" value="2023-01-17"/>
    <property name="java.home" value="C:\Program Files\Java\jdk-11"/>
    <property name="file.separator" value="\"/>
    <property name="basedir" value="C:\Users\Vignesh\IdeaProjects\RestAPIFramework"/>
    <property name="java.vm.compressedOopsMode" value="32-bit"/>
    <property name="line.separator" value="&#10;"/>
    <property name="java.specification.name" value="Java Platform API Specification"/>
    <property name="java.vm.specification.vendor" value="Oracle Corporation"/>
    <property name="java.awt.graphicsenv" value="sun.awt.Win32GraphicsEnvironment"/>
    <property name="surefire.real.class.path" value="C:\Users\Vignesh\AppData\Local\Temp\surefire13382304900913019420\surefirebooter-20231002122718243_3.jar"/>
    <property name="user.script" value=""/>
    <property name="sun.management.compiler" value="HotSpot 64-Bit Tiered Compilers"/>
    <property name="java.runtime.version" value="11.0.18+9-LTS-195"/>
    <property name="user.name" value="Vignesh"/>
    <property name="path.separator" value=";"/>
    <property name="os.version" value="10.0"/>
    <property name="java.runtime.name" value="Java(TM) SE Runtime Environment"/>
    <property name="file.encoding" value="Cp1252"/>
    <property name="java.vm.name" value="Java HotSpot(TM) 64-Bit Server VM"/>
    <property name="java.vendor.version" value="18.9"/>
    <property name="localRepository" value="C:\Users\Vignesh\.m2\repository"/>
    <property name="java.vendor.url.bug" value="https://bugreport.java.com/bugreport/"/>
    <property name="java.io.tmpdir" value="C:\Users\Vignesh\AppData\Local\Temp\"/>
    <property name="java.version" value="11.0.18"/>
    <property name="user.dir" value="C:\Users\Vignesh\IdeaProjects\RestAPIFramework"/>
    <property name="os.arch" value="amd64"/>
    <property name="java.vm.specification.name" value="Java Virtual Machine Specification"/>
    <property name="java.awt.printerjob" value="sun.awt.windows.WPrinterJob"/>
    <property name="sun.os.patch.level" value=""/>
    <property name="java.library.path" value="C:\Program Files\Java\jdk-11\bin;C:\WINDOWS\Sun\Java\bin;C:\WINDOWS\system32;C:\WINDOWS;C:\Program Files\Common Files\Oracle\Java\javapath;C:\Program Files (x86)\Common Files\Oracle\Java\javapath;C:\WINDOWS\system32;C:\WINDOWS;C:\WINDOWS\System32\Wbem;C:\WINDOWS\System32\WindowsPowerShell\v1.0\;C:\WINDOWS\System32\OpenSSH\;C:\Program Files\Java\jdk-11\bin;C:\Program Files\PuTTY\;E:\Current Documents\Documents\Selenium\Softwares\apache-maven-3.9.4\bin;C:\Program Files\Git\cmd;C:\Program Files\Git\mingw64\bin;C:\Program Files\Git\usr\bin;C:\Program Files\MySQL\MySQL Shell 8.0\bin\;C:\Users\Vignesh\AppData\Local\Microsoft\WindowsApps;;C:\Program Files\JetBrains\IntelliJ IDEA Community Edition 2021.2.1\bin;;."/>
    <property name="java.vendor" value="Oracle Corporation"/>
    <property name="java.vm.info" value="mixed mode"/>
    <property name="java.vm.version" value="11.0.18+9-LTS-195"/>
    <property name="sun.io.unicode.encoding" value="UnicodeLittle"/>
    <property name="java.class.version" value="55.0"/>
  </properties>
  <testcase name="Given Add Place API Payload with &quot;AAHouse&quot; &quot;English&quot; &quot;World Cross center&quot; &quot;(+91)989 789 6688&quot;(| AAHouse | English | World Cross center | " classname="+91)989 789 6688 |" time="0.022">
    <system-out><![CDATA[https://rahulshettyacademy.com
]]></system-out>
  </testcase>
  <testcase name="When User calls the &quot;AddPlaceAPI&quot; with the &quot;POST&quot; HTTP Request(| AAHouse | English | World Cross center | " classname="+91)989 789 6688 |" time="0.0">
    <system-out><![CDATA[/maps/api/place/add/json
]]></system-out>
  </testcase>
  <testcase name="Then the API call got success with Status code 200(| AAHouse | English | World Cross center | " classname="+91)989 789 6688 |" time="0.0"/>
  <testcase name="And &quot;status&quot; in Response body is &quot;OK&quot;(| AAHouse | English | World Cross center | " classname="+91)989 789 6688 |" time="0.003"/>
  <testcase name="And &quot;scope&quot; in Response body is &quot;APP&quot;(| AAHouse | English | World Cross center | " classname="+91)989 789 6688 |" time="0.001"/>
  <testcase name="And verify place_id created maps to &quot;AAHouse&quot; using &quot;GetPlaceAPI&quot;(| AAHouse | English | World Cross center | " classname="+91)989 789 6688 |" time="0.0">
    <system-out><![CDATA[4160905ba43c9343242ae64183ff1baa
/maps/api/place/get/json
]]></system-out>
  </testcase>
  <testcase name="| AAHouse | English | World Cross center | " classname="| AAHouse | English | World Cross center | (+91)989 789 6688 |" time="0.002"/>
  <testcase name="Given Add Place API Payload with &quot;DD House&quot; &quot;English&quot; &quot;Washington Bay area&quot;" classname="| DD House | English | Washington Bay area |" time="0.0"/>
  <testcase name="When User calls the &quot;AddPlaceAPI&quot; with the &quot;POST&quot; HTTP Request" classname="| DD House | English | Washington Bay area |" time="0.0">
    <system-out><![CDATA[/maps/api/place/add/json
]]></system-out>
  </testcase>
  <testcase name="Then the API call got success with Status code 200" classname="| DD House | English | Washington Bay area |" time="0.0"/>
  <testcase name="And &quot;status&quot; in Response body is &quot;OK&quot;" classname="| DD House | English | Washington Bay area |" time="0.0"/>
  <testcase name="And &quot;scope&quot; in Response body is &quot;APP&quot;" classname="| DD House | English | Washington Bay area |" time="0.0"/>
  <testcase name="And verify place_id created maps to &quot;DD House&quot; using &quot;GetPlaceAPI&quot;" classname="| DD House | English | Washington Bay area |" time="0.0">
    <system-out><![CDATA[05d9bc998f37e7e1cef0d6743265115e
/maps/api/place/get/json
]]></system-out>
  </testcase>
  <testcase name="" classname="| DD House | English | Washington Bay area |" time="0.001"/>
  <testcase name="Given Get Place API Payload" classname="Scenario: Verify if Get place functionality is working" time="0.0"/>
  <testcase name="When User calls the &quot;GetPlaceAPI&quot; with a &quot;GET&quot; HTTP Request" classname="Scenario: Verify if Get place functionality is working" time="0.0">
    <system-out><![CDATA[/maps/api/place/get/json
]]></system-out>
  </testcase>
  <testcase name="Then the API call got success with a Status code 200" classname="Scenario: Verify if Get place functionality is working" time="0.0"/>
  <testcase name="And &quot;language&quot; in a Response body is &quot;English&quot;" classname="Scenario: Verify if Get place functionality is working" time="0.0"/>
  <testcase name="" classname="Scenario: Verify if Get place functionality is working" time="0.001"/>
  <testcase name="Given Delete Place API Payloads" classname="Scenario: Verify if Delete place functionality is working" time="0.0"/>
  <testcase name="When User calls &quot;DeletePlaceAPI&quot; with the &quot;POST&quot; HTTP Request" classname="Scenario: Verify if Delete place functionality is working" time="0.0">
    <system-out><![CDATA[/maps/api/place/delete/json
]]></system-out>
  </testcase>
  <testcase name="Then the API call got success with the Status code 200" classname="Scenario: Verify if Delete place functionality is working" time="0.0"/>
  <testcase name="And &quot;status&quot; in the Response body is &quot;OK&quot;" classname="Scenario: Verify if Delete place functionality is working" time="0.0"/>
  <testcase name="" classname="Scenario: Verify if Delete place functionality is working" time="0.0"/>
</testsuite>